[05:11:12] [ServerMain/INFO]: Environment: Environment[sessionHost=https://sessionserver.mojang.com, servicesHost=https://api.minecraftservices.com, profilesHost=https://api.mojang.com, name=PROD]
[05:11:14] [ServerMain/INFO]: Loaded 1461 recipes
[05:11:14] [ServerMain/INFO]: Loaded 1574 advancements
[05:11:14] [Server thread/INFO]: Starting minecraft server version 1.21.10
[05:11:14] [Server thread/INFO]: Loading properties
[05:11:14] [Server thread/INFO]: Default game type: SURVIVAL
[05:11:14] [Server thread/INFO]: Generating keypair
[05:11:15] [Server thread/INFO]: Starting Minecraft server on *:25565
[05:11:15] [Server thread/INFO]: Using epoll channel type
[05:11:15] [Server thread/WARN]: **** SERVER IS RUNNING IN OFFLINE/INSECURE MODE!
[05:11:15] [Server thread/WARN]: The server will make no attempt to authenticate usernames. Beware.
[05:11:15] [Server thread/WARN]: While this makes the game possible to play without internet access, it also opens up the ability for hackers to connect with any username they choose.
[05:11:15] [Server thread/WARN]: To change this, set "online-mode" to "true" in the server.properties file.
[05:11:15] [Server thread/INFO]: Preparing level "world"
[05:11:15] [Server thread/INFO]: Loading 0 persistent chunks...
[05:11:15] [Server thread/INFO]: Preparing spawn area: 100%
[05:11:15] [Server thread/INFO]: Time elapsed: 12 ms
[05:11:15] [Server thread/INFO]: Done (0.358s)! For help, type "help"
[05:12:15] [Server thread/INFO]: Server empty for 60 seconds, pausing
[05:12:40] [Server thread/INFO]: Vodruk9029[/127.203.8.208:37595] logged in with entity id 84 at (459.46147961454915, 65.0, -507.2447279314295)
[05:12:40] [Server thread/INFO]: Vodruk9029 joined the game
